<?xml version="1.0" encoding="UTF-8"?>
<!-- Generated by org.testng.reporters.JUnitReportReporter -->
<testsuite skipped="0" hostname="DESKTOP-OQEVBDR" name="com.crm.scripts.CreateOppTest" tests="1" failures="0" timestamp="27 Sep 2020 10:16:40 GMT" time="44.344" errors="0">
  <testcase name="checkCompletedOpp" time="44.344" classname="com.crm.scripts.CreateOppTest"/>
</testsuite> <!-- com.crm.scripts.CreateOppTest -->
