<?xml version="1.0" encoding="UTF-8"?>
<!-- Generated by org.testng.reporters.JUnitReportReporter -->
<testsuite skipped="0" hostname="DESKTOP-OQEVBDR" name="com.crm.scripts.SalesTest" tests="1" failures="0" timestamp="27 Sep 2020 09:51:26 GMT" time="41.165" errors="0">
  <testcase name="checkCompletedSales" time="41.165" classname="com.crm.scripts.SalesTest"/>
</testsuite> <!-- com.crm.scripts.SalesTest -->
