<?xml version="1.0" encoding="UTF-8"?>
<!-- Generated by org.testng.reporters.JUnitReportReporter -->
<testsuite skipped="0" hostname="DESKTOP-OQEVBDR" name="com.crm.scripts.CreateCustTest" tests="1" failures="0" timestamp="27 Sep 2020 09:35:25 GMT" time="35.651" errors="0">
  <testcase name="checkCompletedCust" time="35.651" classname="com.crm.scripts.CreateCustTest"/>
</testsuite> <!-- com.crm.scripts.CreateCustTest -->
